<?xml version="1.0" encoding="UTF-8"?>
<testng-results ignored="0" total="1" passed="1" failed="0" skipped="0">
  <reporter-output>
  </reporter-output>
  <suite started-at="2025-04-30T18:37:45 IST" name="Default suite" finished-at="2025-04-30T18:37:50 IST" duration-ms="5271">
    <groups>
    </groups>
    <test started-at="2025-04-30T18:37:45 IST" name="Default test" finished-at="2025-04-30T18:37:50 IST" duration-ms="5271">
      <class name="TestScripts.HomePageBannerClass">
        <test-method is-config="true" signature="beforeClass()[pri:0, instance:TestScripts.HomePageBannerClass@206a70ef]" started-at="2025-04-30T18:37:45 IST" name="beforeClass" finished-at="2025-04-30T18:37:47 IST" duration-ms="2435" status="PASS">
          <reporter-output>
          </reporter-output>
        </test-method> <!-- beforeClass -->
        <test-method is-config="true" signature="beforeMethod()[pri:0, instance:TestScripts.HomePageBannerClass@206a70ef]" started-at="2025-04-30T18:37:47 IST" name="beforeMethod" finished-at="2025-04-30T18:37:47 IST" duration-ms="1" status="PASS">
          <reporter-output>
          </reporter-output>
        </test-method> <!-- beforeMethod -->
        <test-method signature="AddHomePageBanner()[pri:0, instance:TestScripts.HomePageBannerClass@206a70ef]" started-at="2025-04-30T18:37:47 IST" name="AddHomePageBanner" finished-at="2025-04-30T18:37:50 IST" duration-ms="2807" status="PASS">
          <reporter-output>
          </reporter-output>
        </test-method> <!-- AddHomePageBanner -->
        <test-method is-config="true" signature="afterMethod()[pri:0, instance:TestScripts.HomePageBannerClass@206a70ef]" started-at="2025-04-30T18:37:50 IST" name="afterMethod" finished-at="2025-04-30T18:37:50 IST" duration-ms="0" status="PASS">
          <reporter-output>
          </reporter-output>
        </test-method> <!-- afterMethod -->
        <test-method is-config="true" signature="afterClass()[pri:0, instance:TestScripts.HomePageBannerClass@206a70ef]" started-at="2025-04-30T18:37:50 IST" name="afterClass" finished-at="2025-04-30T18:37:50 IST" duration-ms="0" status="PASS">
          <reporter-output>
          </reporter-output>
        </test-method> <!-- afterClass -->
      </class> <!-- TestScripts.HomePageBannerClass -->
    </test> <!-- Default test -->
  </suite> <!-- Default suite -->
</testng-results>
